[2022-01-25 09:19:51] local.ERROR: Please provide a valid cache path. {"exception":"[object] (InvalidArgumentException(code: 0): Please provide a valid cache path. at D:\\This PC\\Documents\\ois\\vendor\\laravel\\framework\\src\\Illuminate\\View\\Compilers\\Compiler.php:36)
[stacktrace]
#0 D:\\This PC\\Documents\\ois\\vendor\\laravel\\framework\\src\\Illuminate\\View\\ViewServiceProvider.php(141): Illuminate\\View\\Compilers\\Compiler->__construct(Object(Illuminate\\Filesystem\\Filesystem), false)
#1 D:\\This PC\\Documents\\ois\\vendor\\laravel\\framework\\src\\Illuminate\\Container\\Container.php(764): Illuminate\\View\\ViewServiceProvider->Illuminate\\View\\{closure}(Object(Illuminate\\Foundation\\Application), Array)
#2 D:\\This PC\\Documents\\ois\\vendor\\laravel\\framework\\src\\Illuminate\\Container\\Container.php(646): Illuminate\\Container\\Container->build(Object(Closure))
#3 D:\\This PC\\Documents\\ois\\vendor\\laravel\\framework\\src\\Illuminate\\Container\\Container.php(601): Illuminate\\Container\\Container->resolve('blade.compiler', Array)
#4 D:\\This PC\\Documents\\ois\\vendor\\laravel\\framework\\src\\Illuminate\\Foundation\\Application.php(734): Illuminate\\Container\\Container->make('blade.compiler', Array)
#5 D:\\This PC\\Documents\\ois\\vendor\\laravel\\framework\\src\\Illuminate\\Container\\Container.php(1210): Illuminate\\Foundation\\Application->make('blade.compiler')
#6 D:\\This PC\\Documents\\ois\\vendor\\laravel\\framework\\src\\Illuminate\\View\\ViewServiceProvider.php(146): Illuminate\\Container\\Container->offsetGet('blade.compiler')
#7 [internal function]: Illuminate\\View\\ViewServiceProvider->Illuminate\\View\\{closure}()
#8 D:\\This PC\\Documents\\ois\\vendor\\laravel\\framework\\src\\Illuminate\\View\\Engines\\EngineResolver.php(54): call_user_func(Object(Closure))
#9 D:\\This PC\\Documents\\ois\\vendor\\laravel\\framework\\src\\Illuminate\\Support\\Facades\\Blade.php(34): Illuminate\\View\\Engines\\EngineResolver->resolve('blade')
#10 D:\\This PC\\Documents\\ois\\vendor\\laravel\\framework\\src\\Illuminate\\Support\\Facades\\Facade.php(130): Illuminate\\Support\\Facades\\Blade::getFacadeAccessor()
#11 D:\\This PC\\Documents\\ois\\vendor\\laravel\\framework\\src\\Illuminate\\Support\\Facades\\Facade.php(217): Illuminate\\Support\\Facades\\Facade::getFacadeRoot()
#12 D:\\This PC\\Documents\\ois\\vendor\\zizaco\\entrust\\src\\Entrust\\EntrustServiceProvider.php(65): Illuminate\\Support\\Facades\\Facade::__callStatic('directive', Array)
#13 D:\\This PC\\Documents\\ois\\vendor\\zizaco\\entrust\\src\\Entrust\\EntrustServiceProvider.php(38): Zizaco\\Entrust\\EntrustServiceProvider->bladeDirectives()
#14 [internal function]: Zizaco\\Entrust\\EntrustServiceProvider->boot()
#15 D:\\This PC\\Documents\\ois\\vendor\\laravel\\framework\\src\\Illuminate\\Container\\BoundMethod.php(29): call_user_func_array(Array, Array)
#16 D:\\This PC\\Documents\\ois\\vendor\\laravel\\framework\\src\\Illuminate\\Container\\BoundMethod.php(87): Illuminate\\Container\\BoundMethod::Illuminate\\Container\\{closure}()
#17 D:\\This PC\\Documents\\ois\\vendor\\laravel\\framework\\src\\Illuminate\\Container\\BoundMethod.php(31): Illuminate\\Container\\BoundMethod::callBoundMethod(Object(Illuminate\\Foundation\\Application), Array, Object(Closure))
#18 D:\\This PC\\Documents\\ois\\vendor\\laravel\\framework\\src\\Illuminate\\Container\\Container.php(564): Illuminate\\Container\\BoundMethod::call(Object(Illuminate\\Foundation\\Application), Array, Array, NULL)
#19 D:\\This PC\\Documents\\ois\\vendor\\laravel\\framework\\src\\Illuminate\\Foundation\\Application.php(794): Illuminate\\Container\\Container->call(Array)
#20 D:\\This PC\\Documents\\ois\\vendor\\laravel\\framework\\src\\Illuminate\\Foundation\\Application.php(777): Illuminate\\Foundation\\Application->bootProvider(Object(Zizaco\\Entrust\\EntrustServiceProvider))
#21 [internal function]: Illuminate\\Foundation\\Application->Illuminate\\Foundation\\{closure}(Object(Zizaco\\Entrust\\EntrustServiceProvider), 27)
#22 D:\\This PC\\Documents\\ois\\vendor\\laravel\\framework\\src\\Illuminate\\Foundation\\Application.php(778): array_walk(Array, Object(Closure))
#23 D:\\This PC\\Documents\\ois\\vendor\\laravel\\framework\\src\\Illuminate\\Foundation\\Bootstrap\\BootProviders.php(17): Illuminate\\Foundation\\Application->boot()
#24 D:\\This PC\\Documents\\ois\\vendor\\laravel\\framework\\src\\Illuminate\\Foundation\\Application.php(206): Illuminate\\Foundation\\Bootstrap\\BootProviders->bootstrap(Object(Illuminate\\Foundation\\Application))
#25 D:\\This PC\\Documents\\ois\\vendor\\laravel\\framework\\src\\Illuminate\\Foundation\\Console\\Kernel.php(297): Illuminate\\Foundation\\Application->bootstrapWith(Array)
#26 D:\\This PC\\Documents\\ois\\vendor\\laravel\\framework\\src\\Illuminate\\Foundation\\Console\\Kernel.php(120): Illuminate\\Foundation\\Console\\Kernel->bootstrap()
#27 D:\\This PC\\Documents\\ois\\artisan(35): Illuminate\\Foundation\\Console\\Kernel->handle(Object(Symfony\\Component\\Console\\Input\\ArgvInput), Object(Symfony\\Component\\Console\\Output\\ConsoleOutput))
#28 {main}
"} 
[2022-01-25 09:20:08] local.ERROR: Please provide a valid cache path. {"exception":"[object] (InvalidArgumentException(code: 0): Please provide a valid cache path. at D:\\This PC\\Documents\\ois\\vendor\\laravel\\framework\\src\\Illuminate\\View\\Compilers\\Compiler.php:36)
[stacktrace]
#0 D:\\This PC\\Documents\\ois\\vendor\\laravel\\framework\\src\\Illuminate\\View\\ViewServiceProvider.php(141): Illuminate\\View\\Compilers\\Compiler->__construct(Object(Illuminate\\Filesystem\\Filesystem), false)
#1 D:\\This PC\\Documents\\ois\\vendor\\laravel\\framework\\src\\Illuminate\\Container\\Container.php(764): Illuminate\\View\\ViewServiceProvider->Illuminate\\View\\{closure}(Object(Illuminate\\Foundation\\Application), Array)
#2 D:\\This PC\\Documents\\ois\\vendor\\laravel\\framework\\src\\Illuminate\\Container\\Container.php(646): Illuminate\\Container\\Container->build(Object(Closure))
#3 D:\\This PC\\Documents\\ois\\vendor\\laravel\\framework\\src\\Illuminate\\Container\\Container.php(601): Illuminate\\Container\\Container->resolve('blade.compiler', Array)
#4 D:\\This PC\\Documents\\ois\\vendor\\laravel\\framework\\src\\Illuminate\\Foundation\\Application.php(734): Illuminate\\Container\\Container->make('blade.compiler', Array)
#5 D:\\This PC\\Documents\\ois\\vendor\\laravel\\framework\\src\\Illuminate\\Container\\Container.php(1210): Illuminate\\Foundation\\Application->make('blade.compiler')
#6 D:\\This PC\\Documents\\ois\\vendor\\laravel\\framework\\src\\Illuminate\\View\\ViewServiceProvider.php(146): Illuminate\\Container\\Container->offsetGet('blade.compiler')
#7 [internal function]: Illuminate\\View\\ViewServiceProvider->Illuminate\\View\\{closure}()
#8 D:\\This PC\\Documents\\ois\\vendor\\laravel\\framework\\src\\Illuminate\\View\\Engines\\EngineResolver.php(54): call_user_func(Object(Closure))
#9 D:\\This PC\\Documents\\ois\\vendor\\laravel\\framework\\src\\Illuminate\\Support\\Facades\\Blade.php(34): Illuminate\\View\\Engines\\EngineResolver->resolve('blade')
#10 D:\\This PC\\Documents\\ois\\vendor\\laravel\\framework\\src\\Illuminate\\Support\\Facades\\Facade.php(130): Illuminate\\Support\\Facades\\Blade::getFacadeAccessor()
#11 D:\\This PC\\Documents\\ois\\vendor\\laravel\\framework\\src\\Illuminate\\Support\\Facades\\Facade.php(217): Illuminate\\Support\\Facades\\Facade::getFacadeRoot()
#12 D:\\This PC\\Documents\\ois\\vendor\\zizaco\\entrust\\src\\Entrust\\EntrustServiceProvider.php(65): Illuminate\\Support\\Facades\\Facade::__callStatic('directive', Array)
#13 D:\\This PC\\Documents\\ois\\vendor\\zizaco\\entrust\\src\\Entrust\\EntrustServiceProvider.php(38): Zizaco\\Entrust\\EntrustServiceProvider->bladeDirectives()
#14 [internal function]: Zizaco\\Entrust\\EntrustServiceProvider->boot()
#15 D:\\This PC\\Documents\\ois\\vendor\\laravel\\framework\\src\\Illuminate\\Container\\BoundMethod.php(29): call_user_func_array(Array, Array)
#16 D:\\This PC\\Documents\\ois\\vendor\\laravel\\framework\\src\\Illuminate\\Container\\BoundMethod.php(87): Illuminate\\Container\\BoundMethod::Illuminate\\Container\\{closure}()
#17 D:\\This PC\\Documents\\ois\\vendor\\laravel\\framework\\src\\Illuminate\\Container\\BoundMethod.php(31): Illuminate\\Container\\BoundMethod::callBoundMethod(Object(Illuminate\\Foundation\\Application), Array, Object(Closure))
#18 D:\\This PC\\Documents\\ois\\vendor\\laravel\\framework\\src\\Illuminate\\Container\\Container.php(564): Illuminate\\Container\\BoundMethod::call(Object(Illuminate\\Foundation\\Application), Array, Array, NULL)
#19 D:\\This PC\\Documents\\ois\\vendor\\laravel\\framework\\src\\Illuminate\\Foundation\\Application.php(794): Illuminate\\Container\\Container->call(Array)
#20 D:\\This PC\\Documents\\ois\\vendor\\laravel\\framework\\src\\Illuminate\\Foundation\\Application.php(777): Illuminate\\Foundation\\Application->bootProvider(Object(Zizaco\\Entrust\\EntrustServiceProvider))
#21 [internal function]: Illuminate\\Foundation\\Application->Illuminate\\Foundation\\{closure}(Object(Zizaco\\Entrust\\EntrustServiceProvider), 27)
#22 D:\\This PC\\Documents\\ois\\vendor\\laravel\\framework\\src\\Illuminate\\Foundation\\Application.php(778): array_walk(Array, Object(Closure))
#23 D:\\This PC\\Documents\\ois\\vendor\\laravel\\framework\\src\\Illuminate\\Foundation\\Bootstrap\\BootProviders.php(17): Illuminate\\Foundation\\Application->boot()
#24 D:\\This PC\\Documents\\ois\\vendor\\laravel\\framework\\src\\Illuminate\\Foundation\\Application.php(206): Illuminate\\Foundation\\Bootstrap\\BootProviders->bootstrap(Object(Illuminate\\Foundation\\Application))
#25 D:\\This PC\\Documents\\ois\\vendor\\laravel\\framework\\src\\Illuminate\\Foundation\\Console\\Kernel.php(297): Illuminate\\Foundation\\Application->bootstrapWith(Array)
#26 D:\\This PC\\Documents\\ois\\vendor\\laravel\\framework\\src\\Illuminate\\Foundation\\Console\\Kernel.php(120): Illuminate\\Foundation\\Console\\Kernel->bootstrap()
#27 D:\\This PC\\Documents\\ois\\artisan(35): Illuminate\\Foundation\\Console\\Kernel->handle(Object(Symfony\\Component\\Console\\Input\\ArgvInput), Object(Symfony\\Component\\Console\\Output\\ConsoleOutput))
#28 {main}
"} 
[2022-01-25 09:32:34] local.ERROR: Undefined index: name {"exception":"[object] (ErrorException(code: 0): Undefined index: name at C:\\xampp\\htdocs\\ois\\vendor\\laravel\\framework\\src\\Illuminate\\Foundation\\PackageManifest.php:120)
[stacktrace]
#0 C:\\xampp\\htdocs\\ois\\vendor\\laravel\\framework\\src\\Illuminate\\Foundation\\PackageManifest.php(120): Illuminate\\Foundation\\Bootstrap\\HandleExceptions->handleError(8, 'Undefined index...', 'C:\\\\xampp\\\\htdocs...', 120, Array)
#1 C:\\xampp\\htdocs\\ois\\vendor\\laravel\\framework\\src\\Illuminate\\Support\\Collection.php(928): Illuminate\\Foundation\\PackageManifest->Illuminate\\Foundation\\{closure}(Array, 'packages')
#2 C:\\xampp\\htdocs\\ois\\vendor\\laravel\\framework\\src\\Illuminate\\Foundation\\PackageManifest.php(121): Illuminate\\Support\\Collection->mapWithKeys(Object(Closure))
#3 C:\\xampp\\htdocs\\ois\\vendor\\laravel\\framework\\src\\Illuminate\\Foundation\\PackageManifest.php(97): Illuminate\\Foundation\\PackageManifest->build()
#4 C:\\xampp\\htdocs\\ois\\vendor\\laravel\\framework\\src\\Illuminate\\Foundation\\PackageManifest.php(80): Illuminate\\Foundation\\PackageManifest->getManifest()
#5 C:\\xampp\\htdocs\\ois\\vendor\\laravel\\framework\\src\\Illuminate\\Foundation\\Bootstrap\\RegisterFacades.php(26): Illuminate\\Foundation\\PackageManifest->aliases()
#6 C:\\xampp\\htdocs\\ois\\vendor\\laravel\\framework\\src\\Illuminate\\Foundation\\Application.php(213): Illuminate\\Foundation\\Bootstrap\\RegisterFacades->bootstrap(Object(Illuminate\\Foundation\\Application))
#7 C:\\xampp\\htdocs\\ois\\vendor\\laravel\\framework\\src\\Illuminate\\Foundation\\Console\\Kernel.php(296): Illuminate\\Foundation\\Application->bootstrapWith(Array)
#8 C:\\xampp\\htdocs\\ois\\vendor\\laravel\\framework\\src\\Illuminate\\Foundation\\Console\\Kernel.php(119): Illuminate\\Foundation\\Console\\Kernel->bootstrap()
#9 C:\\xampp\\htdocs\\ois\\artisan(35): Illuminate\\Foundation\\Console\\Kernel->handle(Object(Symfony\\Component\\Console\\Input\\ArgvInput), Object(Symfony\\Component\\Console\\Output\\ConsoleOutput))
#10 {main}
"} 
[2022-01-25 09:32:46] local.ERROR: Undefined index: name {"exception":"[object] (ErrorException(code: 0): Undefined index: name at C:\\xampp\\htdocs\\ois\\vendor\\laravel\\framework\\src\\Illuminate\\Foundation\\PackageManifest.php:120)
[stacktrace]
#0 C:\\xampp\\htdocs\\ois\\vendor\\laravel\\framework\\src\\Illuminate\\Foundation\\PackageManifest.php(120): Illuminate\\Foundation\\Bootstrap\\HandleExceptions->handleError(8, 'Undefined index...', 'C:\\\\xampp\\\\htdocs...', 120, Array)
#1 C:\\xampp\\htdocs\\ois\\vendor\\laravel\\framework\\src\\Illuminate\\Support\\Collection.php(928): Illuminate\\Foundation\\PackageManifest->Illuminate\\Foundation\\{closure}(Array, 'packages')
#2 C:\\xampp\\htdocs\\ois\\vendor\\laravel\\framework\\src\\Illuminate\\Foundation\\PackageManifest.php(121): Illuminate\\Support\\Collection->mapWithKeys(Object(Closure))
#3 C:\\xampp\\htdocs\\ois\\vendor\\laravel\\framework\\src\\Illuminate\\Foundation\\PackageManifest.php(97): Illuminate\\Foundation\\PackageManifest->build()
#4 C:\\xampp\\htdocs\\ois\\vendor\\laravel\\framework\\src\\Illuminate\\Foundation\\PackageManifest.php(80): Illuminate\\Foundation\\PackageManifest->getManifest()
#5 C:\\xampp\\htdocs\\ois\\vendor\\laravel\\framework\\src\\Illuminate\\Foundation\\Bootstrap\\RegisterFacades.php(26): Illuminate\\Foundation\\PackageManifest->aliases()
#6 C:\\xampp\\htdocs\\ois\\vendor\\laravel\\framework\\src\\Illuminate\\Foundation\\Application.php(213): Illuminate\\Foundation\\Bootstrap\\RegisterFacades->bootstrap(Object(Illuminate\\Foundation\\Application))
#7 C:\\xampp\\htdocs\\ois\\vendor\\laravel\\framework\\src\\Illuminate\\Foundation\\Console\\Kernel.php(296): Illuminate\\Foundation\\Application->bootstrapWith(Array)
#8 C:\\xampp\\htdocs\\ois\\vendor\\laravel\\framework\\src\\Illuminate\\Foundation\\Console\\Kernel.php(119): Illuminate\\Foundation\\Console\\Kernel->bootstrap()
#9 C:\\xampp\\htdocs\\ois\\artisan(35): Illuminate\\Foundation\\Console\\Kernel->handle(Object(Symfony\\Component\\Console\\Input\\ArgvInput), Object(Symfony\\Component\\Console\\Output\\ConsoleOutput))
#10 {main}
"} 
[2022-01-25 11:57:06] local.ERROR: Please provide a valid cache path. {"exception":"[object] (InvalidArgumentException(code: 0): Please provide a valid cache path. at C:\\xampp\\htdocs\\ois-master\\vendor\\laravel\\framework\\src\\Illuminate\\View\\Compilers\\Compiler.php:36)
[stacktrace]
#0 C:\\xampp\\htdocs\\ois-master\\vendor\\laravel\\framework\\src\\Illuminate\\View\\ViewServiceProvider.php(141): Illuminate\\View\\Compilers\\Compiler->__construct(Object(Illuminate\\Filesystem\\Filesystem), false)
#1 C:\\xampp\\htdocs\\ois-master\\vendor\\laravel\\framework\\src\\Illuminate\\Container\\Container.php(749): Illuminate\\View\\ViewServiceProvider->Illuminate\\View\\{closure}(Object(Illuminate\\Foundation\\Application), Array)
#2 C:\\xampp\\htdocs\\ois-master\\vendor\\laravel\\framework\\src\\Illuminate\\Container\\Container.php(631): Illuminate\\Container\\Container->build(Object(Closure))
#3 C:\\xampp\\htdocs\\ois-master\\vendor\\laravel\\framework\\src\\Illuminate\\Container\\Container.php(586): Illuminate\\Container\\Container->resolve('blade.compiler', Array)
#4 C:\\xampp\\htdocs\\ois-master\\vendor\\laravel\\framework\\src\\Illuminate\\Foundation\\Application.php(732): Illuminate\\Container\\Container->make('blade.compiler', Array)
#5 C:\\xampp\\htdocs\\ois-master\\vendor\\laravel\\framework\\src\\Illuminate\\Container\\Container.php(1195): Illuminate\\Foundation\\Application->make('blade.compiler')
#6 C:\\xampp\\htdocs\\ois-master\\vendor\\laravel\\framework\\src\\Illuminate\\View\\ViewServiceProvider.php(146): Illuminate\\Container\\Container->offsetGet('blade.compiler')
#7 [internal function]: Illuminate\\View\\ViewServiceProvider->Illuminate\\View\\{closure}()
#8 C:\\xampp\\htdocs\\ois-master\\vendor\\laravel\\framework\\src\\Illuminate\\View\\Engines\\EngineResolver.php(54): call_user_func(Object(Closure))
#9 C:\\xampp\\htdocs\\ois-master\\vendor\\laravel\\framework\\src\\Illuminate\\Support\\Facades\\Blade.php(17): Illuminate\\View\\Engines\\EngineResolver->resolve('blade')
#10 C:\\xampp\\htdocs\\ois-master\\vendor\\laravel\\framework\\src\\Illuminate\\Support\\Facades\\Facade.php(128): Illuminate\\Support\\Facades\\Blade::getFacadeAccessor()
#11 C:\\xampp\\htdocs\\ois-master\\vendor\\laravel\\framework\\src\\Illuminate\\Support\\Facades\\Facade.php(215): Illuminate\\Support\\Facades\\Facade::getFacadeRoot()
#12 C:\\xampp\\htdocs\\ois-master\\vendor\\zizaco\\entrust\\src\\Entrust\\EntrustServiceProvider.php(65): Illuminate\\Support\\Facades\\Facade::__callStatic('directive', Array)
#13 C:\\xampp\\htdocs\\ois-master\\vendor\\zizaco\\entrust\\src\\Entrust\\EntrustServiceProvider.php(38): Zizaco\\Entrust\\EntrustServiceProvider->bladeDirectives()
#14 [internal function]: Zizaco\\Entrust\\EntrustServiceProvider->boot()
#15 C:\\xampp\\htdocs\\ois-master\\vendor\\laravel\\framework\\src\\Illuminate\\Container\\BoundMethod.php(29): call_user_func_array(Array, Array)
#16 C:\\xampp\\htdocs\\ois-master\\vendor\\laravel\\framework\\src\\Illuminate\\Container\\BoundMethod.php(87): Illuminate\\Container\\BoundMethod::Illuminate\\Container\\{closure}()
#17 C:\\xampp\\htdocs\\ois-master\\vendor\\laravel\\framework\\src\\Illuminate\\Container\\BoundMethod.php(31): Illuminate\\Container\\BoundMethod::callBoundMethod(Object(Illuminate\\Foundation\\Application), Array, Object(Closure))
#18 C:\\xampp\\htdocs\\ois-master\\vendor\\laravel\\framework\\src\\Illuminate\\Container\\Container.php(549): Illuminate\\Container\\BoundMethod::call(Object(Illuminate\\Foundation\\Application), Array, Array, NULL)
#19 C:\\xampp\\htdocs\\ois-master\\vendor\\laravel\\framework\\src\\Illuminate\\Foundation\\Application.php(792): Illuminate\\Container\\Container->call(Array)
#20 C:\\xampp\\htdocs\\ois-master\\vendor\\laravel\\framework\\src\\Illuminate\\Foundation\\Application.php(775): Illuminate\\Foundation\\Application->bootProvider(Object(Zizaco\\Entrust\\EntrustServiceProvider))
#21 [internal function]: Illuminate\\Foundation\\Application->Illuminate\\Foundation\\{closure}(Object(Zizaco\\Entrust\\EntrustServiceProvider), 18)
#22 C:\\xampp\\htdocs\\ois-master\\vendor\\laravel\\framework\\src\\Illuminate\\Foundation\\Application.php(776): array_walk(Array, Object(Closure))
#23 C:\\xampp\\htdocs\\ois-master\\vendor\\laravel\\framework\\src\\Illuminate\\Foundation\\Bootstrap\\BootProviders.php(17): Illuminate\\Foundation\\Application->boot()
#24 C:\\xampp\\htdocs\\ois-master\\vendor\\laravel\\framework\\src\\Illuminate\\Foundation\\Application.php(213): Illuminate\\Foundation\\Bootstrap\\BootProviders->bootstrap(Object(Illuminate\\Foundation\\Application))
#25 C:\\xampp\\htdocs\\ois-master\\vendor\\laravel\\framework\\src\\Illuminate\\Foundation\\Console\\Kernel.php(296): Illuminate\\Foundation\\Application->bootstrapWith(Array)
#26 C:\\xampp\\htdocs\\ois-master\\vendor\\laravel\\framework\\src\\Illuminate\\Foundation\\Console\\ConfigCacheCommand.php(72): Illuminate\\Foundation\\Console\\Kernel->bootstrap()
#27 C:\\xampp\\htdocs\\ois-master\\vendor\\laravel\\framework\\src\\Illuminate\\Foundation\\Console\\ConfigCacheCommand.php(54): Illuminate\\Foundation\\Console\\ConfigCacheCommand->getFreshConfiguration()
#28 [internal function]: Illuminate\\Foundation\\Console\\ConfigCacheCommand->handle()
#29 C:\\xampp\\htdocs\\ois-master\\vendor\\laravel\\framework\\src\\Illuminate\\Container\\BoundMethod.php(29): call_user_func_array(Array, Array)
#30 C:\\xampp\\htdocs\\ois-master\\vendor\\laravel\\framework\\src\\Illuminate\\Container\\BoundMethod.php(87): Illuminate\\Container\\BoundMethod::Illuminate\\Container\\{closure}()
#31 C:\\xampp\\htdocs\\ois-master\\vendor\\laravel\\framework\\src\\Illuminate\\Container\\BoundMethod.php(31): Illuminate\\Container\\BoundMethod::callBoundMethod(Object(Illuminate\\Foundation\\Application), Array, Object(Closure))
#32 C:\\xampp\\htdocs\\ois-master\\vendor\\laravel\\framework\\src\\Illuminate\\Container\\Container.php(549): Illuminate\\Container\\BoundMethod::call(Object(Illuminate\\Foundation\\Application), Array, Array, NULL)
#33 C:\\xampp\\htdocs\\ois-master\\vendor\\laravel\\framework\\src\\Illuminate\\Console\\Command.php(183): Illuminate\\Container\\Container->call(Array)
#34 C:\\xampp\\htdocs\\ois-master\\vendor\\symfony\\console\\Command\\Command.php(251): Illuminate\\Console\\Command->execute(Object(Symfony\\Component\\Console\\Input\\ArgvInput), Object(Illuminate\\Console\\OutputStyle))
#35 C:\\xampp\\htdocs\\ois-master\\vendor\\laravel\\framework\\src\\Illuminate\\Console\\Command.php(170): Symfony\\Component\\Console\\Command\\Command->run(Object(Symfony\\Component\\Console\\Input\\ArgvInput), Object(Illuminate\\Console\\OutputStyle))
#36 C:\\xampp\\htdocs\\ois-master\\vendor\\symfony\\console\\Application.php(946): Illuminate\\Console\\Command->run(Object(Symfony\\Component\\Console\\Input\\ArgvInput), Object(Symfony\\Component\\Console\\Output\\ConsoleOutput))
#37 C:\\xampp\\htdocs\\ois-master\\vendor\\symfony\\console\\Application.php(248): Symfony\\Component\\Console\\Application->doRunCommand(Object(Illuminate\\Foundation\\Console\\ConfigCacheCommand), Object(Symfony\\Component\\Console\\Input\\ArgvInput), Object(Symfony\\Component\\Console\\Output\\ConsoleOutput))
#38 C:\\xampp\\htdocs\\ois-master\\vendor\\symfony\\console\\Application.php(148): Symfony\\Component\\Console\\Application->doRun(Object(Symfony\\Component\\Console\\Input\\ArgvInput), Object(Symfony\\Component\\Console\\Output\\ConsoleOutput))
#39 C:\\xampp\\htdocs\\ois-master\\vendor\\laravel\\framework\\src\\Illuminate\\Console\\Application.php(88): Symfony\\Component\\Console\\Application->run(Object(Symfony\\Component\\Console\\Input\\ArgvInput), Object(Symfony\\Component\\Console\\Output\\ConsoleOutput))
#40 C:\\xampp\\htdocs\\ois-master\\vendor\\laravel\\framework\\src\\Illuminate\\Foundation\\Console\\Kernel.php(121): Illuminate\\Console\\Application->run(Object(Symfony\\Component\\Console\\Input\\ArgvInput), Object(Symfony\\Component\\Console\\Output\\ConsoleOutput))
#41 C:\\xampp\\htdocs\\ois-master\\artisan(35): Illuminate\\Foundation\\Console\\Kernel->handle(Object(Symfony\\Component\\Console\\Input\\ArgvInput), Object(Symfony\\Component\\Console\\Output\\ConsoleOutput))
#42 {main}
"} 
[2022-01-25 11:58:08] local.ERROR: Please provide a valid cache path. {"exception":"[object] (InvalidArgumentException(code: 0): Please provide a valid cache path. at C:\\xampp\\htdocs\\ois-master\\vendor\\laravel\\framework\\src\\Illuminate\\View\\Compilers\\Compiler.php:36)
[stacktrace]
#0 C:\\xampp\\htdocs\\ois-master\\vendor\\laravel\\framework\\src\\Illuminate\\View\\ViewServiceProvider.php(141): Illuminate\\View\\Compilers\\Compiler->__construct(Object(Illuminate\\Filesystem\\Filesystem), false)
#1 C:\\xampp\\htdocs\\ois-master\\vendor\\laravel\\framework\\src\\Illuminate\\Container\\Container.php(749): Illuminate\\View\\ViewServiceProvider->Illuminate\\View\\{closure}(Object(Illuminate\\Foundation\\Application), Array)
#2 C:\\xampp\\htdocs\\ois-master\\vendor\\laravel\\framework\\src\\Illuminate\\Container\\Container.php(631): Illuminate\\Container\\Container->build(Object(Closure))
#3 C:\\xampp\\htdocs\\ois-master\\vendor\\laravel\\framework\\src\\Illuminate\\Container\\Container.php(586): Illuminate\\Container\\Container->resolve('blade.compiler', Array)
#4 C:\\xampp\\htdocs\\ois-master\\vendor\\laravel\\framework\\src\\Illuminate\\Foundation\\Application.php(732): Illuminate\\Container\\Container->make('blade.compiler', Array)
#5 C:\\xampp\\htdocs\\ois-master\\vendor\\laravel\\framework\\src\\Illuminate\\Container\\Container.php(1195): Illuminate\\Foundation\\Application->make('blade.compiler')
#6 C:\\xampp\\htdocs\\ois-master\\vendor\\laravel\\framework\\src\\Illuminate\\View\\ViewServiceProvider.php(146): Illuminate\\Container\\Container->offsetGet('blade.compiler')
#7 [internal function]: Illuminate\\View\\ViewServiceProvider->Illuminate\\View\\{closure}()
#8 C:\\xampp\\htdocs\\ois-master\\vendor\\laravel\\framework\\src\\Illuminate\\View\\Engines\\EngineResolver.php(54): call_user_func(Object(Closure))
#9 C:\\xampp\\htdocs\\ois-master\\vendor\\laravel\\framework\\src\\Illuminate\\Support\\Facades\\Blade.php(17): Illuminate\\View\\Engines\\EngineResolver->resolve('blade')
#10 C:\\xampp\\htdocs\\ois-master\\vendor\\laravel\\framework\\src\\Illuminate\\Support\\Facades\\Facade.php(128): Illuminate\\Support\\Facades\\Blade::getFacadeAccessor()
#11 C:\\xampp\\htdocs\\ois-master\\vendor\\laravel\\framework\\src\\Illuminate\\Support\\Facades\\Facade.php(215): Illuminate\\Support\\Facades\\Facade::getFacadeRoot()
#12 C:\\xampp\\htdocs\\ois-master\\vendor\\zizaco\\entrust\\src\\Entrust\\EntrustServiceProvider.php(65): Illuminate\\Support\\Facades\\Facade::__callStatic('directive', Array)
#13 C:\\xampp\\htdocs\\ois-master\\vendor\\zizaco\\entrust\\src\\Entrust\\EntrustServiceProvider.php(38): Zizaco\\Entrust\\EntrustServiceProvider->bladeDirectives()
#14 [internal function]: Zizaco\\Entrust\\EntrustServiceProvider->boot()
#15 C:\\xampp\\htdocs\\ois-master\\vendor\\laravel\\framework\\src\\Illuminate\\Container\\BoundMethod.php(29): call_user_func_array(Array, Array)
#16 C:\\xampp\\htdocs\\ois-master\\vendor\\laravel\\framework\\src\\Illuminate\\Container\\BoundMethod.php(87): Illuminate\\Container\\BoundMethod::Illuminate\\Container\\{closure}()
#17 C:\\xampp\\htdocs\\ois-master\\vendor\\laravel\\framework\\src\\Illuminate\\Container\\BoundMethod.php(31): Illuminate\\Container\\BoundMethod::callBoundMethod(Object(Illuminate\\Foundation\\Application), Array, Object(Closure))
#18 C:\\xampp\\htdocs\\ois-master\\vendor\\laravel\\framework\\src\\Illuminate\\Container\\Container.php(549): Illuminate\\Container\\BoundMethod::call(Object(Illuminate\\Foundation\\Application), Array, Array, NULL)
#19 C:\\xampp\\htdocs\\ois-master\\vendor\\laravel\\framework\\src\\Illuminate\\Foundation\\Application.php(792): Illuminate\\Container\\Container->call(Array)
#20 C:\\xampp\\htdocs\\ois-master\\vendor\\laravel\\framework\\src\\Illuminate\\Foundation\\Application.php(775): Illuminate\\Foundation\\Application->bootProvider(Object(Zizaco\\Entrust\\EntrustServiceProvider))
#21 [internal function]: Illuminate\\Foundation\\Application->Illuminate\\Foundation\\{closure}(Object(Zizaco\\Entrust\\EntrustServiceProvider), 18)
#22 C:\\xampp\\htdocs\\ois-master\\vendor\\laravel\\framework\\src\\Illuminate\\Foundation\\Application.php(776): array_walk(Array, Object(Closure))
#23 C:\\xampp\\htdocs\\ois-master\\vendor\\laravel\\framework\\src\\Illuminate\\Foundation\\Bootstrap\\BootProviders.php(17): Illuminate\\Foundation\\Application->boot()
#24 C:\\xampp\\htdocs\\ois-master\\vendor\\laravel\\framework\\src\\Illuminate\\Foundation\\Application.php(213): Illuminate\\Foundation\\Bootstrap\\BootProviders->bootstrap(Object(Illuminate\\Foundation\\Application))
#25 C:\\xampp\\htdocs\\ois-master\\vendor\\laravel\\framework\\src\\Illuminate\\Foundation\\Console\\Kernel.php(296): Illuminate\\Foundation\\Application->bootstrapWith(Array)
#26 C:\\xampp\\htdocs\\ois-master\\vendor\\laravel\\framework\\src\\Illuminate\\Foundation\\Console\\Kernel.php(119): Illuminate\\Foundation\\Console\\Kernel->bootstrap()
#27 C:\\xampp\\htdocs\\ois-master\\artisan(35): Illuminate\\Foundation\\Console\\Kernel->handle(Object(Symfony\\Component\\Console\\Input\\ArgvInput), Object(Symfony\\Component\\Console\\Output\\ConsoleOutput))
#28 {main}
"} 
[2022-01-25 11:58:20] local.ERROR: Please provide a valid cache path. {"exception":"[object] (InvalidArgumentException(code: 0): Please provide a valid cache path. at C:\\xampp\\htdocs\\ois-master\\vendor\\laravel\\framework\\src\\Illuminate\\View\\Compilers\\Compiler.php:36)
[stacktrace]
#0 C:\\xampp\\htdocs\\ois-master\\vendor\\laravel\\framework\\src\\Illuminate\\View\\ViewServiceProvider.php(141): Illuminate\\View\\Compilers\\Compiler->__construct(Object(Illuminate\\Filesystem\\Filesystem), false)
#1 C:\\xampp\\htdocs\\ois-master\\vendor\\laravel\\framework\\src\\Illuminate\\Container\\Container.php(749): Illuminate\\View\\ViewServiceProvider->Illuminate\\View\\{closure}(Object(Illuminate\\Foundation\\Application), Array)
#2 C:\\xampp\\htdocs\\ois-master\\vendor\\laravel\\framework\\src\\Illuminate\\Container\\Container.php(631): Illuminate\\Container\\Container->build(Object(Closure))
#3 C:\\xampp\\htdocs\\ois-master\\vendor\\laravel\\framework\\src\\Illuminate\\Container\\Container.php(586): Illuminate\\Container\\Container->resolve('blade.compiler', Array)
#4 C:\\xampp\\htdocs\\ois-master\\vendor\\laravel\\framework\\src\\Illuminate\\Foundation\\Application.php(732): Illuminate\\Container\\Container->make('blade.compiler', Array)
#5 C:\\xampp\\htdocs\\ois-master\\vendor\\laravel\\framework\\src\\Illuminate\\Container\\Container.php(1195): Illuminate\\Foundation\\Application->make('blade.compiler')
#6 C:\\xampp\\htdocs\\ois-master\\vendor\\laravel\\framework\\src\\Illuminate\\View\\ViewServiceProvider.php(146): Illuminate\\Container\\Container->offsetGet('blade.compiler')
#7 [internal function]: Illuminate\\View\\ViewServiceProvider->Illuminate\\View\\{closure}()
#8 C:\\xampp\\htdocs\\ois-master\\vendor\\laravel\\framework\\src\\Illuminate\\View\\Engines\\EngineResolver.php(54): call_user_func(Object(Closure))
#9 C:\\xampp\\htdocs\\ois-master\\vendor\\laravel\\framework\\src\\Illuminate\\Support\\Facades\\Blade.php(17): Illuminate\\View\\Engines\\EngineResolver->resolve('blade')
#10 C:\\xampp\\htdocs\\ois-master\\vendor\\laravel\\framework\\src\\Illuminate\\Support\\Facades\\Facade.php(128): Illuminate\\Support\\Facades\\Blade::getFacadeAccessor()
#11 C:\\xampp\\htdocs\\ois-master\\vendor\\laravel\\framework\\src\\Illuminate\\Support\\Facades\\Facade.php(215): Illuminate\\Support\\Facades\\Facade::getFacadeRoot()
#12 C:\\xampp\\htdocs\\ois-master\\vendor\\zizaco\\entrust\\src\\Entrust\\EntrustServiceProvider.php(65): Illuminate\\Support\\Facades\\Facade::__callStatic('directive', Array)
#13 C:\\xampp\\htdocs\\ois-master\\vendor\\zizaco\\entrust\\src\\Entrust\\EntrustServiceProvider.php(38): Zizaco\\Entrust\\EntrustServiceProvider->bladeDirectives()
#14 [internal function]: Zizaco\\Entrust\\EntrustServiceProvider->boot()
#15 C:\\xampp\\htdocs\\ois-master\\vendor\\laravel\\framework\\src\\Illuminate\\Container\\BoundMethod.php(29): call_user_func_array(Array, Array)
#16 C:\\xampp\\htdocs\\ois-master\\vendor\\laravel\\framework\\src\\Illuminate\\Container\\BoundMethod.php(87): Illuminate\\Container\\BoundMethod::Illuminate\\Container\\{closure}()
#17 C:\\xampp\\htdocs\\ois-master\\vendor\\laravel\\framework\\src\\Illuminate\\Container\\BoundMethod.php(31): Illuminate\\Container\\BoundMethod::callBoundMethod(Object(Illuminate\\Foundation\\Application), Array, Object(Closure))
#18 C:\\xampp\\htdocs\\ois-master\\vendor\\laravel\\framework\\src\\Illuminate\\Container\\Container.php(549): Illuminate\\Container\\BoundMethod::call(Object(Illuminate\\Foundation\\Application), Array, Array, NULL)
#19 C:\\xampp\\htdocs\\ois-master\\vendor\\laravel\\framework\\src\\Illuminate\\Foundation\\Application.php(792): Illuminate\\Container\\Container->call(Array)
#20 C:\\xampp\\htdocs\\ois-master\\vendor\\laravel\\framework\\src\\Illuminate\\Foundation\\Application.php(775): Illuminate\\Foundation\\Application->bootProvider(Object(Zizaco\\Entrust\\EntrustServiceProvider))
#21 [internal function]: Illuminate\\Foundation\\Application->Illuminate\\Foundation\\{closure}(Object(Zizaco\\Entrust\\EntrustServiceProvider), 18)
#22 C:\\xampp\\htdocs\\ois-master\\vendor\\laravel\\framework\\src\\Illuminate\\Foundation\\Application.php(776): array_walk(Array, Object(Closure))
#23 C:\\xampp\\htdocs\\ois-master\\vendor\\laravel\\framework\\src\\Illuminate\\Foundation\\Bootstrap\\BootProviders.php(17): Illuminate\\Foundation\\Application->boot()
#24 C:\\xampp\\htdocs\\ois-master\\vendor\\laravel\\framework\\src\\Illuminate\\Foundation\\Application.php(213): Illuminate\\Foundation\\Bootstrap\\BootProviders->bootstrap(Object(Illuminate\\Foundation\\Application))
#25 C:\\xampp\\htdocs\\ois-master\\vendor\\laravel\\framework\\src\\Illuminate\\Foundation\\Console\\Kernel.php(296): Illuminate\\Foundation\\Application->bootstrapWith(Array)
#26 C:\\xampp\\htdocs\\ois-master\\vendor\\laravel\\framework\\src\\Illuminate\\Foundation\\Console\\Kernel.php(119): Illuminate\\Foundation\\Console\\Kernel->bootstrap()
#27 C:\\xampp\\htdocs\\ois-master\\artisan(35): Illuminate\\Foundation\\Console\\Kernel->handle(Object(Symfony\\Component\\Console\\Input\\ArgvInput), Object(Symfony\\Component\\Console\\Output\\ConsoleOutput))
#28 {main}
"} 
[2022-01-25 12:06:47] local.ERROR: Please provide a valid cache path. {"exception":"[object] (InvalidArgumentException(code: 0): Please provide a valid cache path. at C:\\xampp\\htdocs\\ois-master\\vendor\\laravel\\framework\\src\\Illuminate\\View\\Compilers\\Compiler.php:36)
[stacktrace]
#0 C:\\xampp\\htdocs\\ois-master\\vendor\\laravel\\framework\\src\\Illuminate\\View\\ViewServiceProvider.php(141): Illuminate\\View\\Compilers\\Compiler->__construct(Object(Illuminate\\Filesystem\\Filesystem), false)
#1 C:\\xampp\\htdocs\\ois-master\\vendor\\laravel\\framework\\src\\Illuminate\\Container\\Container.php(749): Illuminate\\View\\ViewServiceProvider->Illuminate\\View\\{closure}(Object(Illuminate\\Foundation\\Application), Array)
#2 C:\\xampp\\htdocs\\ois-master\\vendor\\laravel\\framework\\src\\Illuminate\\Container\\Container.php(631): Illuminate\\Container\\Container->build(Object(Closure))
#3 C:\\xampp\\htdocs\\ois-master\\vendor\\laravel\\framework\\src\\Illuminate\\Container\\Container.php(586): Illuminate\\Container\\Container->resolve('blade.compiler', Array)
#4 C:\\xampp\\htdocs\\ois-master\\vendor\\laravel\\framework\\src\\Illuminate\\Foundation\\Application.php(732): Illuminate\\Container\\Container->make('blade.compiler', Array)
#5 C:\\xampp\\htdocs\\ois-master\\vendor\\laravel\\framework\\src\\Illuminate\\Container\\Container.php(1195): Illuminate\\Foundation\\Application->make('blade.compiler')
#6 C:\\xampp\\htdocs\\ois-master\\vendor\\laravel\\framework\\src\\Illuminate\\View\\ViewServiceProvider.php(146): Illuminate\\Container\\Container->offsetGet('blade.compiler')
#7 [internal function]: Illuminate\\View\\ViewServiceProvider->Illuminate\\View\\{closure}()
#8 C:\\xampp\\htdocs\\ois-master\\vendor\\laravel\\framework\\src\\Illuminate\\View\\Engines\\EngineResolver.php(54): call_user_func(Object(Closure))
#9 C:\\xampp\\htdocs\\ois-master\\vendor\\laravel\\framework\\src\\Illuminate\\Support\\Facades\\Blade.php(17): Illuminate\\View\\Engines\\EngineResolver->resolve('blade')
#10 C:\\xampp\\htdocs\\ois-master\\vendor\\laravel\\framework\\src\\Illuminate\\Support\\Facades\\Facade.php(128): Illuminate\\Support\\Facades\\Blade::getFacadeAccessor()
#11 C:\\xampp\\htdocs\\ois-master\\vendor\\laravel\\framework\\src\\Illuminate\\Support\\Facades\\Facade.php(215): Illuminate\\Support\\Facades\\Facade::getFacadeRoot()
#12 C:\\xampp\\htdocs\\ois-master\\vendor\\zizaco\\entrust\\src\\Entrust\\EntrustServiceProvider.php(65): Illuminate\\Support\\Facades\\Facade::__callStatic('directive', Array)
#13 C:\\xampp\\htdocs\\ois-master\\vendor\\zizaco\\entrust\\src\\Entrust\\EntrustServiceProvider.php(38): Zizaco\\Entrust\\EntrustServiceProvider->bladeDirectives()
#14 [internal function]: Zizaco\\Entrust\\EntrustServiceProvider->boot()
#15 C:\\xampp\\htdocs\\ois-master\\vendor\\laravel\\framework\\src\\Illuminate\\Container\\BoundMethod.php(29): call_user_func_array(Array, Array)
#16 C:\\xampp\\htdocs\\ois-master\\vendor\\laravel\\framework\\src\\Illuminate\\Container\\BoundMethod.php(87): Illuminate\\Container\\BoundMethod::Illuminate\\Container\\{closure}()
#17 C:\\xampp\\htdocs\\ois-master\\vendor\\laravel\\framework\\src\\Illuminate\\Container\\BoundMethod.php(31): Illuminate\\Container\\BoundMethod::callBoundMethod(Object(Illuminate\\Foundation\\Application), Array, Object(Closure))
#18 C:\\xampp\\htdocs\\ois-master\\vendor\\laravel\\framework\\src\\Illuminate\\Container\\Container.php(549): Illuminate\\Container\\BoundMethod::call(Object(Illuminate\\Foundation\\Application), Array, Array, NULL)
#19 C:\\xampp\\htdocs\\ois-master\\vendor\\laravel\\framework\\src\\Illuminate\\Foundation\\Application.php(792): Illuminate\\Container\\Container->call(Array)
#20 C:\\xampp\\htdocs\\ois-master\\vendor\\laravel\\framework\\src\\Illuminate\\Foundation\\Application.php(775): Illuminate\\Foundation\\Application->bootProvider(Object(Zizaco\\Entrust\\EntrustServiceProvider))
#21 [internal function]: Illuminate\\Foundation\\Application->Illuminate\\Foundation\\{closure}(Object(Zizaco\\Entrust\\EntrustServiceProvider), 18)
#22 C:\\xampp\\htdocs\\ois-master\\vendor\\laravel\\framework\\src\\Illuminate\\Foundation\\Application.php(776): array_walk(Array, Object(Closure))
#23 C:\\xampp\\htdocs\\ois-master\\vendor\\laravel\\framework\\src\\Illuminate\\Foundation\\Bootstrap\\BootProviders.php(17): Illuminate\\Foundation\\Application->boot()
#24 C:\\xampp\\htdocs\\ois-master\\vendor\\laravel\\framework\\src\\Illuminate\\Foundation\\Application.php(213): Illuminate\\Foundation\\Bootstrap\\BootProviders->bootstrap(Object(Illuminate\\Foundation\\Application))
#25 C:\\xampp\\htdocs\\ois-master\\vendor\\laravel\\framework\\src\\Illuminate\\Foundation\\Console\\Kernel.php(296): Illuminate\\Foundation\\Application->bootstrapWith(Array)
#26 C:\\xampp\\htdocs\\ois-master\\vendor\\laravel\\framework\\src\\Illuminate\\Foundation\\Console\\Kernel.php(119): Illuminate\\Foundation\\Console\\Kernel->bootstrap()
#27 C:\\xampp\\htdocs\\ois-master\\artisan(35): Illuminate\\Foundation\\Console\\Kernel->handle(Object(Symfony\\Component\\Console\\Input\\ArgvInput), Object(Symfony\\Component\\Console\\Output\\ConsoleOutput))
#28 {main}
"} 
[2022-01-25 12:47:16] local.ERROR: Command "cache:config" is not defined.

Did you mean one of these?
    cache:clear
    cache:forget
    cache:table {"exception":"[object] (Symfony\\Component\\Console\\Exception\\CommandNotFoundException(code: 0): Command \"cache:config\" is not defined.

Did you mean one of these?
    cache:clear
    cache:forget
    cache:table at C:\\xampp\\htdocs\\ois-master\\vendor\\symfony\\console\\Application.php:618)
[stacktrace]
#0 C:\\xampp\\htdocs\\ois-master\\vendor\\symfony\\console\\Application.php(229): Symfony\\Component\\Console\\Application->find('cache:config')
#1 C:\\xampp\\htdocs\\ois-master\\vendor\\symfony\\console\\Application.php(148): Symfony\\Component\\Console\\Application->doRun(Object(Symfony\\Component\\Console\\Input\\ArgvInput), Object(Symfony\\Component\\Console\\Output\\ConsoleOutput))
#2 C:\\xampp\\htdocs\\ois-master\\vendor\\laravel\\framework\\src\\Illuminate\\Console\\Application.php(88): Symfony\\Component\\Console\\Application->run(Object(Symfony\\Component\\Console\\Input\\ArgvInput), Object(Symfony\\Component\\Console\\Output\\ConsoleOutput))
#3 C:\\xampp\\htdocs\\ois-master\\vendor\\laravel\\framework\\src\\Illuminate\\Foundation\\Console\\Kernel.php(121): Illuminate\\Console\\Application->run(Object(Symfony\\Component\\Console\\Input\\ArgvInput), Object(Symfony\\Component\\Console\\Output\\ConsoleOutput))
#4 C:\\xampp\\htdocs\\ois-master\\artisan(35): Illuminate\\Foundation\\Console\\Kernel->handle(Object(Symfony\\Component\\Console\\Input\\ArgvInput), Object(Symfony\\Component\\Console\\Output\\ConsoleOutput))
#5 {main}
"} 
